This is pdfTeX, Version 3.141592653-2.6-1.40.25 (MiKTeX 24.1) (preloaded format=pdflatex 2025.12.8)  20 MAR 2026 20:24
entering extended mode
 restricted \write18 enabled.
 %&-line parsing enabled.
**./Sprawozdanie.tex
(Sprawozdanie.tex
LaTeX2e <2023-11-01> patch level 1
L3 programming layer <2024-01-04>
(C:\Users\patry\AppData\Local\Programs\MiKTeX\tex/latex/base\article.cls
Document Class: article 2023/05/17 v1.4n Standard LaTeX document class
(C:\Users\patry\AppData\Local\Programs\MiKTeX\tex/latex/base\size11.clo
File: size11.clo 2023/05/17 v1.4n Standard LaTeX file (size option)
)
\c@part=\count187
\c@section=\count188
\c@subsection=\count189
\c@subsubsection=\count190
\c@paragraph=\count191
\c@subparagraph=\count192
\c@figure=\count193
\c@table=\count194
\abovecaptionskip=\skip48
\belowcaptionskip=\skip49
\bibindent=\dimen140
)
(C:\Users\patry\AppData\Local\Programs\MiKTeX\tex/latex/amsfonts\amssymb.sty
Package: amssymb 2013/01/14 v3.01 AMS font symbols

(C:\Users\patry\AppData\Local\Programs\MiKTeX\tex/latex/amsfonts\amsfonts.sty
Package: amsfonts 2013/01/14 v3.01 Basic AMSFonts support
\@emptytoks=\toks17
\symAMSa=\mathgroup4
\symAMSb=\mathgroup5
LaTeX Font Info:    Redeclaring math symbol \hbar on input line 98.
LaTeX Font Info:    Overwriting math alphabet `\mathfrak' in version `bold'
(Font)                  U/euf/m/n --> U/euf/b/n on input line 106.
)) (C:\Users\patry\AppData\Local\Programs\MiKTeX\tex/latex/amsmath\amsmath.sty
Package: amsmath 2023/05/13 v2.17o AMS math features
\@mathmargin=\skip50

For additional information on amsmath, use the `?' option.
(C:\Users\patry\AppData\Local\Programs\MiKTeX\tex/latex/amsmath\amstext.sty
Package: amstext 2021/08/26 v2.01 AMS text

(C:\Users\patry\AppData\Local\Programs\MiKTeX\tex/latex/amsmath\amsgen.sty
File: amsgen.sty 1999/11/30 v2.0 generic functions
\@emptytoks=\toks18
\ex@=\dimen141
))
(C:\Users\patry\AppData\Local\Programs\MiKTeX\tex/latex/amsmath\amsbsy.sty
Package: amsbsy 1999/11/29 v1.2d Bold Symbols
\pmbraise@=\dimen142
)
(C:\Users\patry\AppData\Local\Programs\MiKTeX\tex/latex/amsmath\amsopn.sty
Package: amsopn 2022/04/08 v2.04 operator names
)
\inf@bad=\count195
LaTeX Info: Redefining \frac on input line 234.
\uproot@=\count196
\leftroot@=\count197
LaTeX Info: Redefining \overline on input line 399.
LaTeX Info: Redefining \colon on input line 410.
\classnum@=\count198
\DOTSCASE@=\count199
LaTeX Info: Redefining \ldots on input line 496.
LaTeX Info: Redefining \dots on input line 499.
LaTeX Info: Redefining \cdots on input line 620.
\Mathstrutbox@=\box51
\strutbox@=\box52
LaTeX Info: Redefining \big on input line 722.
LaTeX Info: Redefining \Big on input line 723.
LaTeX Info: Redefining \bigg on input line 724.
LaTeX Info: Redefining \Bigg on input line 725.
\big@size=\dimen143
LaTeX Font Info:    Redeclaring font encoding OML on input line 743.
LaTeX Font Info:    Redeclaring font encoding OMS on input line 744.
\macc@depth=\count266
LaTeX Info: Redefining \bmod on input line 905.
LaTeX Info: Redefining \pmod on input line 910.
LaTeX Info: Redefining \smash on input line 940.
LaTeX Info: Redefining \relbar on input line 970.
LaTeX Info: Redefining \Relbar on input line 971.
\c@MaxMatrixCols=\count267
\dotsspace@=\muskip16
\c@parentequation=\count268
\dspbrk@lvl=\count269
\tag@help=\toks19
\row@=\count270
\column@=\count271
\maxfields@=\count272
\andhelp@=\toks20
\eqnshift@=\dimen144
\alignsep@=\dimen145
\tagshift@=\dimen146
\tagwidth@=\dimen147
\totwidth@=\dimen148
\lineht@=\dimen149
\@envbody=\toks21
\multlinegap=\skip51
\multlinetaggap=\skip52
\mathdisplay@stack=\toks22
LaTeX Info: Redefining \[ on input line 2953.
LaTeX Info: Redefining \] on input line 2954.
)
(C:\Users\patry\AppData\Local\Programs\MiKTeX\tex/latex/amscls\amsthm.sty
Package: amsthm 2020/05/29 v2.20.6
\thm@style=\toks23
\thm@bodyfont=\toks24
\thm@headfont=\toks25
\thm@notefont=\toks26
\thm@headpunct=\toks27
\thm@preskip=\skip53
\thm@postskip=\skip54
\thm@headsep=\skip55
\dth@everypar=\toks28
)
(C:\Users\patry\AppData\Local\Programs\MiKTeX\tex/generic/babel\babel.sty
Package: babel 2024/01/07 v24.1 The Babel package
\babel@savecnt=\count273
\U@D=\dimen150
\l@unhyphenated=\language79

(C:\Users\patry\AppData\Local\Programs\MiKTeX\tex/generic/babel\txtbabel.def)
\bbl@readstream=\read2
\bbl@dirlevel=\count274

*************************************
* Local config file bblopts.cfg used
*
(C:\Users\patry\AppData\Local\Programs\MiKTeX\tex/latex/arabi\bblopts.cfg
File: bblopts.cfg 2005/09/08 v0.1 add Arabic and Farsi to "declared" options of
 babel
)
(C:\Users\patry\AppData\Local\Programs\MiKTeX\tex/latex/babel-polish\polish.ldf
Language: polish 2022/03/12 1.3 Babel support for Polish
Package babel Info: Making " an active character on input line 101.
))
(C:\Users\patry\AppData\Local\Programs\MiKTeX\tex/generic/babel/locale/pl\babel
-polish.tex
Package babel Info: Importing font and identification data for polish
(babel)             from babel-pl.ini. Reported on input line 11.
)
(C:\Users\patry\AppData\Local\Programs\MiKTeX\tex/latex/base\inputenc.sty
Package: inputenc 2021/02/14 v1.3d Input encoding file
\inpenc@prehook=\toks29
\inpenc@posthook=\toks30
)
(C:\Users\patry\AppData\Local\Programs\MiKTeX\tex/latex/base\fontenc.sty
Package: fontenc 2021/04/29 v2.0v Standard LaTeX package
)
(C:\Users\patry\AppData\Local\Programs\MiKTeX\tex/latex/graphics\graphicx.sty
Package: graphicx 2021/09/16 v1.2d Enhanced LaTeX Graphics (DPC,SPQR)

(C:\Users\patry\AppData\Local\Programs\MiKTeX\tex/latex/graphics\keyval.sty
Package: keyval 2022/05/29 v1.15 key=value parser (DPC)
\KV@toks@=\toks31
)
(C:\Users\patry\AppData\Local\Programs\MiKTeX\tex/latex/graphics\graphics.sty
Package: graphics 2022/03/10 v1.4e Standard LaTeX Graphics (DPC,SPQR)

(C:\Users\patry\AppData\Local\Programs\MiKTeX\tex/latex/graphics\trig.sty
Package: trig 2021/08/11 v1.11 sin cos tan (DPC)
)
(C:\Users\patry\AppData\Local\Programs\MiKTeX\tex/latex/graphics-cfg\graphics.c
fg
File: graphics.cfg 2016/06/04 v1.11 sample graphics configuration
)
Package graphics Info: Driver file: pdftex.def on input line 107.

(C:\Users\patry\AppData\Local\Programs\MiKTeX\tex/latex/graphics-def\pdftex.def
File: pdftex.def 2022/09/22 v1.2b Graphics/color driver for pdftex
))
\Gin@req@height=\dimen151
\Gin@req@width=\dimen152
)
(C:\Users\patry\AppData\Local\Programs\MiKTeX\tex/latex/l3backend\l3backend-pdf
tex.def
File: l3backend-pdftex.def 2024-01-04 L3 backend support: PDF output (pdfTeX)
\l__color_backend_stack_int=\count275
\l__pdf_internal_box=\box53
) (Sprawozdanie.aux)
\openout1 = `Sprawozdanie.aux'.

LaTeX Font Info:    Checking defaults for OML/cmm/m/it on input line 14.
LaTeX Font Info:    ... okay on input line 14.
LaTeX Font Info:    Checking defaults for OMS/cmsy/m/n on input line 14.
LaTeX Font Info:    ... okay on input line 14.
LaTeX Font Info:    Checking defaults for OT1/cmr/m/n on input line 14.
LaTeX Font Info:    ... okay on input line 14.
LaTeX Font Info:    Checking defaults for T1/cmr/m/n on input line 14.
LaTeX Font Info:    ... okay on input line 14.
LaTeX Font Info:    Checking defaults for TS1/cmr/m/n on input line 14.
LaTeX Font Info:    ... okay on input line 14.
LaTeX Font Info:    Checking defaults for OMX/cmex/m/n on input line 14.
LaTeX Font Info:    ... okay on input line 14.
LaTeX Font Info:    Checking defaults for U/cmr/m/n on input line 14.
LaTeX Font Info:    ... okay on input line 14.

(C:\Users\patry\AppData\Local\Programs\MiKTeX\tex/context/base/mkii\supp-pdf.mk
ii
[Loading MPS to PDF converter (version 2006.09.02).]
\scratchcounter=\count276
\scratchdimen=\dimen153
\scratchbox=\box54
\nofMPsegments=\count277
\nofMParguments=\count278
\everyMPshowfont=\toks32
\MPscratchCnt=\count279
\MPscratchDim=\dimen154
\MPnumerator=\count280
\makeMPintoPDFobject=\count281
\everyMPtoPDFconversion=\toks33
)
(C:\Users\patry\AppData\Local\Programs\MiKTeX\tex/latex/epstopdf-pkg\epstopdf-b
ase.sty
Package: epstopdf-base 2020-01-24 v2.11 Base part for package epstopdf
Package epstopdf-base Info: Redefining graphics rule for `.eps' on input line 4
85.

(C:\Users\patry\AppData\Local\Programs\MiKTeX\tex/latex/00miktex\epstopdf-sys.c
fg
File: epstopdf-sys.cfg 2021/03/18 v2.0 Configuration of epstopdf for MiKTeX
))
<wykresy/Heap_Exponential.png, id=1, 722.7pt x 433.62pt>
File: wykresy/Heap_Exponential.png Graphic file (type png)
<use wykresy/Heap_Exponential.png>
Package pdftex.def Info: wykresy/Heap_Exponential.png  used on input line 19.
(pdftex.def)             Requested size: 505.88655pt x 303.53192pt.

Overfull \hbox (62.9499pt too wide) in paragraph at lines 17--20
 []|  [] 
 []

<wykresy/Heap_Linear.png, id=3, 722.7pt x 433.62pt>
File: wykresy/Heap_Linear.png Graphic file (type png)
<use wykresy/Heap_Linear.png>
Package pdftex.def Info: wykresy/Heap_Linear.png  used on input line 26.
(pdftex.def)             Requested size: 505.88655pt x 303.53192pt.

Overfull \hbox (62.9499pt too wide) in paragraph at lines 24--27
 []|  [] 
 []


LaTeX Warning: `h' float specifier changed to `ht'.

<wykresy/Merge_Exponential.png, id=4, 722.7pt x 433.62pt>
File: wykresy/Merge_Exponential.png Graphic file (type png)
<use wykresy/Merge_Exponential.png>
Package pdftex.def Info: wykresy/Merge_Exponential.png  used on input line 33.
(pdftex.def)             Requested size: 505.88655pt x 303.53192pt.

Overfull \hbox (62.9499pt too wide) in paragraph at lines 31--34
 []|  [] 
 []


LaTeX Warning: `h' float specifier changed to `ht'.

<wykresy/Merge_Linear.png, id=5, 722.7pt x 433.62pt>
File: wykresy/Merge_Linear.png Graphic file (type png)
<use wykresy/Merge_Linear.png>
Package pdftex.def Info: wykresy/Merge_Linear.png  used on input line 40.
(pdftex.def)             Requested size: 505.88655pt x 303.53192pt.

Overfull \hbox (62.9499pt too wide) in paragraph at lines 38--41
 []|  [] 
 []


LaTeX Warning: `h' float specifier changed to `ht'.

<wykresy/Quick_Exponential.png, id=6, 722.7pt x 433.62pt>
File: wykresy/Quick_Exponential.png Graphic file (type png)
<use wykresy/Quick_Exponential.png>
Package pdftex.def Info: wykresy/Quick_Exponential.png  used on input line 47.
(pdftex.def)             Requested size: 505.88655pt x 303.53192pt.

Overfull \hbox (62.9499pt too wide) in paragraph at lines 45--48
 []|  [] 
 []


LaTeX Warning: `h' float specifier changed to `ht'.

<wykresy/Quick_Linear.png, id=7, 722.7pt x 433.62pt>
File: wykresy/Quick_Linear.png Graphic file (type png)
<use wykresy/Quick_Linear.png>
Package pdftex.def Info: wykresy/Quick_Linear.png  used on input line 54.
(pdftex.def)             Requested size: 505.88655pt x 303.53192pt.

Overfull \hbox (62.9499pt too wide) in paragraph at lines 52--55
 []|  [] 
 []


LaTeX Warning: `h' float specifier changed to `ht'.

<wykresy/QuickIterative_Exponential.png, id=8, 722.7pt x 433.62pt>
File: wykresy/QuickIterative_Exponential.png Graphic file (type png)
<use wykresy/QuickIterative_Exponential.png>
Package pdftex.def Info: wykresy/QuickIterative_Exponential.png  used on input 
line 61.
(pdftex.def)             Requested size: 505.88655pt x 303.53192pt.

Overfull \hbox (62.9499pt too wide) in paragraph at lines 59--62
 []|  [] 
 []


LaTeX Warning: `h' float specifier changed to `ht'.

<wykresy/QuickIterative_Linear.png, id=9, 722.7pt x 433.62pt>
File: wykresy/QuickIterative_Linear.png Graphic file (type png)
<use wykresy/QuickIterative_Linear.png>
Package pdftex.def Info: wykresy/QuickIterative_Linear.png  used on input line 
68.
(pdftex.def)             Requested size: 505.88655pt x 303.53192pt.

Overfull \hbox (62.9499pt too wide) in paragraph at lines 66--69
 []|  [] 
 []


LaTeX Warning: `h' float specifier changed to `ht'.

<wykresy/Shell_Exponential.png, id=10, 722.7pt x 433.62pt>
File: wykresy/Shell_Exponential.png Graphic file (type png)
<use wykresy/Shell_Exponential.png>
Package pdftex.def Info: wykresy/Shell_Exponential.png  used on input line 75.
(pdftex.def)             Requested size: 505.88655pt x 303.53192pt.

Overfull \hbox (62.9499pt too wide) in paragraph at lines 73--76
 []|  [] 
 []


LaTeX Warning: `h' float specifier changed to `ht'.

<wykresy/Shell_Linear.png, id=11, 722.7pt x 433.62pt>
File: wykresy/Shell_Linear.png Graphic file (type png)
<use wykresy/Shell_Linear.png>
Package pdftex.def Info: wykresy/Shell_Linear.png  used on input line 82.
(pdftex.def)             Requested size: 505.88655pt x 303.53192pt.

Overfull \hbox (62.9499pt too wide) in paragraph at lines 80--83
 []|  [] 
 []


LaTeX Warning: `h' float specifier changed to `ht'.

[1

{C:/Users/patry/AppData/Local/MiKTeX/fonts/map/pdftex/pdftex.map} <./wykresy/He
ap_Exponential.png>] [2 <./wykresy/Heap_Linear.png>] [3 <./wykresy/Merge_Expone
ntial.png>] [4 <./wykresy/Merge_Linear.png>] [5 <./wykresy/Quick_Exponential.pn
g>] [6 <./wykresy/Quick_Linear.png>] [7 <./wykresy/QuickIterative_Exponential.p
ng>] [8 <./wykresy/QuickIterative_Linear.png>] [9 <./wykresy/Shell_Exponential.
png>] [10 <./wykresy/Shell_Linear.png>]
<wykresy/Ashaped_Exponential.png, id=56, 722.7pt x 433.62pt>
File: wykresy/Ashaped_Exponential.png Graphic file (type png)
<use wykresy/Ashaped_Exponential.png>
Package pdftex.def Info: wykresy/Ashaped_Exponential.png  used on input line 91
.
(pdftex.def)             Requested size: 505.88655pt x 303.53192pt.

Overfull \hbox (62.9499pt too wide) in paragraph at lines 89--92
 []|  [] 
 []

<wykresy/Ashaped_Linear.png, id=57, 722.7pt x 433.62pt>
File: wykresy/Ashaped_Linear.png Graphic file (type png)
<use wykresy/Ashaped_Linear.png>
Package pdftex.def Info: wykresy/Ashaped_Linear.png  used on input line 98.
(pdftex.def)             Requested size: 505.88655pt x 303.53192pt.

Overfull \hbox (62.9499pt too wide) in paragraph at lines 96--99
 []|  [] 
 []


LaTeX Warning: `h' float specifier changed to `ht'.

<wykresy/decreasing_Exponential.png, id=58, 722.7pt x 433.62pt>
File: wykresy/decreasing_Exponential.png Graphic file (type png)
<use wykresy/decreasing_Exponential.png>
Package pdftex.def Info: wykresy/decreasing_Exponential.png  used on input line
 105.
(pdftex.def)             Requested size: 505.88655pt x 303.53192pt.

Overfull \hbox (62.9499pt too wide) in paragraph at lines 103--106
 []|  [] 
 []


LaTeX Warning: `h' float specifier changed to `ht'.

<wykresy/decreasing_Linear.png, id=59, 722.7pt x 433.62pt>
File: wykresy/decreasing_Linear.png Graphic file (type png)
<use wykresy/decreasing_Linear.png>
Package pdftex.def Info: wykresy/decreasing_Linear.png  used on input line 112.

(pdftex.def)             Requested size: 505.88655pt x 303.53192pt.

Overfull \hbox (62.9499pt too wide) in paragraph at lines 110--113
 []|  [] 
 []


LaTeX Warning: `h' float specifier changed to `ht'.

<wykresy/growing_Exponential.png, id=60, 722.7pt x 433.62pt>
File: wykresy/growing_Exponential.png Graphic file (type png)
<use wykresy/growing_Exponential.png>
Package pdftex.def Info: wykresy/growing_Exponential.png  used on input line 11
9.
(pdftex.def)             Requested size: 505.88655pt x 303.53192pt.

Overfull \hbox (62.9499pt too wide) in paragraph at lines 117--120
 []|  [] 
 []


LaTeX Warning: `h' float specifier changed to `ht'.

<wykresy/growing_Linear.png, id=61, 722.7pt x 433.62pt>
File: wykresy/growing_Linear.png Graphic file (type png)
<use wykresy/growing_Linear.png>
Package pdftex.def Info: wykresy/growing_Linear.png  used on input line 126.
(pdftex.def)             Requested size: 505.88655pt x 303.53192pt.

Overfull \hbox (62.9499pt too wide) in paragraph at lines 124--127
 []|  [] 
 []


LaTeX Warning: `h' float specifier changed to `ht'.

<wykresy/random_Exponential.png, id=62, 722.7pt x 433.62pt>
File: wykresy/random_Exponential.png Graphic file (type png)
<use wykresy/random_Exponential.png>
Package pdftex.def Info: wykresy/random_Exponential.png  used on input line 133
.
(pdftex.def)             Requested size: 505.88655pt x 303.53192pt.

Overfull \hbox (62.9499pt too wide) in paragraph at lines 131--134
 []|  [] 
 []


LaTeX Warning: `h' float specifier changed to `ht'.

<wykresy/random_Linear.png, id=63, 722.7pt x 433.62pt>
File: wykresy/random_Linear.png Graphic file (type png)
<use wykresy/random_Linear.png>
Package pdftex.def Info: wykresy/random_Linear.png  used on input line 140.
(pdftex.def)             Requested size: 505.88655pt x 303.53192pt.

Overfull \hbox (62.9499pt too wide) in paragraph at lines 138--141
 []|  [] 
 []


LaTeX Warning: `h' float specifier changed to `ht'.

<wykresy/Vshaped_Exponential.png, id=64, 722.7pt x 433.62pt>
File: wykresy/Vshaped_Exponential.png Graphic file (type png)
<use wykresy/Vshaped_Exponential.png>
Package pdftex.def Info: wykresy/Vshaped_Exponential.png  used on input line 14
7.
(pdftex.def)             Requested size: 505.88655pt x 303.53192pt.

Overfull \hbox (62.9499pt too wide) in paragraph at lines 145--148
 []|  [] 
 []


LaTeX Warning: `h' float specifier changed to `ht'.

<wykresy/Vshaped_Linear.png, id=65, 722.7pt x 433.62pt>
File: wykresy/Vshaped_Linear.png Graphic file (type png)
<use wykresy/Vshaped_Linear.png>
Package pdftex.def Info: wykresy/Vshaped_Linear.png  used on input line 154.
(pdftex.def)             Requested size: 505.88655pt x 303.53192pt.

Overfull \hbox (62.9499pt too wide) in paragraph at lines 152--155
 []|  [] 
 []


LaTeX Warning: `h' float specifier changed to `ht'.

[11

 <./wykresy/Ashaped_Exponential.png>] [12 <./wykresy/Ashaped_Linear.png>]
[13 <./wykresy/decreasing_Exponential.png>] [14 <./wykresy/decreasing_Linear.pn
g>] [15 <./wykresy/growing_Exponential.png>] [16 <./wykresy/growing_Linear.png>
] [17 <./wykresy/random_Exponential.png>] [18 <./wykresy/random_Linear.png>]
[19 <./wykresy/Vshaped_Exponential.png>] [20 <./wykresy/Vshaped_Linear.png>]
[21

] (Sprawozdanie.aux)
 ***********
LaTeX2e <2023-11-01> patch level 1
L3 programming layer <2024-01-04>
 ***********
 ) 
Here is how much of TeX's memory you used:
 4060 strings out of 474486
 65352 string characters out of 5743755
 1928542 words of memory out of 5000000
 26338 multiletter control sequences out of 15000+600000
 560681 words of font info for 40 fonts, out of 8000000 for 9000
 1141 hyphenation exceptions out of 8191
 57i,7n,65p,236b,355s stack positions out of 10000i,1000n,20000p,200000b,200000s
 <C:\Users\patry\AppData\Local\MiKTeX\fonts/pk/ljfour/jknappen/ec/dpi600\ecrm
1095.pk> <C:\Users\patry\AppData\Local\MiKTeX\fonts/pk/ljfour/jknappen/ec/dpi60
0\ecbx1440.pk>
Output written on Sprawozdanie.pdf (21 pages, 1017595 bytes).
PDF statistics:
 197 PDF objects out of 1000 (max. 8388607)
 0 named destinations out of 1000 (max. 500000)
 101 words of extra memory for PDF output out of 10000 (max. 10000000)

